# JRE version: OpenJDK Runtime Environment (8.0_112-b06) (build 1.8.0_112-release-b06)
# Java VM: OpenJDK 64-Bit Server VM (25.112-b06 mixed mode linux-amd64 compressed oops)
Heap:
 PSYoungGen      total 150016K, used 0K [0x00000000e0000000, 0x00000000ecc80000, 0x0000000100000000)
  eden space 128000K, 0% used [0x00000000e0000000,0x00000000e0000000,0x00000000e7d00000)
  from space 22016K, 0% used [0x00000000e7d00000,0x00000000e7d00000,0x00000000e9280000)
  to   space 24064K, 0% used [0x00000000eb500000,0x00000000eb500000,0x00000000ecc80000)
 ParOldGen       total 107008K, used 34330K [0x00000000a0000000, 0x00000000a6880000, 0x00000000e0000000)
  object space 107008K, 32% used [0x00000000a0000000,0x00000000a2186890,0x00000000a6880000)
 Metaspace       used 57325K, capacity 59040K, committed 59160K, reserved 1099776K
  class space    used 7693K, capacity 8051K, committed 8112K, reserved 1048576K
GC Heap History (10 events):
Event: 7.577 GC heap after
Heap after GC invocations=9 (full 2):
 PSYoungGen      total 93696K, used 0K [0x00000000e0000000, 0x00000000e8680000, 0x0000000100000000)
  eden space 83456K, 0% used [0x00000000e0000000,0x00000000e0000000,0x00000000e5180000)
  from space 10240K, 0% used [0x00000000e5180000,0x00000000e5180000,0x00000000e5b80000)
  to   space 11776K, 0% used [0x00000000e7b00000,0x00000000e7b00000,0x00000000e8680000)
 ParOldGen       total 107008K, used 17730K [0x00000000a0000000, 0x00000000a6880000, 0x00000000e0000000)
  object space 107008K, 16% used [0x00000000a0000000,0x00000000a1150ae8,0x00000000a6880000)
 Metaspace       used 34707K, capacity 35250K, committed 35496K, reserved 1079296K
  class space    used 4644K, capacity 4819K, committed 4912K, reserved 1048576K
}
Event: 8.910 GC heap before
{Heap before GC invocations=10 (full 2):
 PSYoungGen      total 93696K, used 83456K [0x00000000e0000000, 0x00000000e8680000, 0x0000000100000000)
  eden space 83456K, 100% used [0x00000000e0000000,0x00000000e5180000,0x00000000e5180000)
  from space 10240K, 0% used [0x00000000e5180000,0x00000000e5180000,0x00000000e5b80000)
  to   space 11776K, 0% used [0x00000000e7b00000,0x00000000e7b00000,0x00000000e8680000)
 ParOldGen       total 107008K, used 17730K [0x00000000a0000000, 0x00000000a6880000, 0x00000000e0000000)
  object space 107008K, 16% used [0x00000000a0000000,0x00000000a1150ae8,0x00000000a6880000)
 Metaspace       used 42011K, capacity 42860K, committed 43056K, reserved 1087488K
  class space    used 5635K, capacity 5861K, committed 5936K, reserved 1048576K
Event: 8.919 GC heap after
Heap after GC invocations=10 (full 2):
 PSYoungGen      total 121856K, used 9324K [0x00000000e0000000, 0x00000000e8500000, 0x0000000100000000)
  eden space 111616K, 0% used [0x00000000e0000000,0x00000000e0000000,0x00000000e6d00000)
  from space 10240K, 91% used [0x00000000e7b00000,0x00000000e841b398,0x00000000e8500000)
  to   space 12288K, 0% used [0x00000000e6d00000,0x00000000e6d00000,0x00000000e7900000)
 ParOldGen       total 107008K, used 17738K [0x00000000a0000000, 0x00000000a6880000, 0x00000000e0000000)
  object space 107008K, 16% used [0x00000000a0000000,0x00000000a1152ae8,0x00000000a6880000)
 Metaspace       used 42011K, capacity 42860K, committed 43056K, reserved 1087488K
  class space    used 5635K, capacity 5861K, committed 5936K, reserved 1048576K
}
Event: 10.984 GC heap before
{Heap before GC invocations=11 (full 2):
 PSYoungGen      total 121856K, used 120940K [0x00000000e0000000, 0x00000000e8500000, 0x0000000100000000)
  eden space 111616K, 100% used [0x00000000e0000000,0x00000000e6d00000,0x00000000e6d00000)
  from space 10240K, 91% used [0x00000000e7b00000,0x00000000e841b398,0x00000000e8500000)
  to   space 12288K, 0% used [0x00000000e6d00000,0x00000000e6d00000,0x00000000e7900000)
 ParOldGen       total 107008K, used 17738K [0x00000000a0000000, 0x00000000a6880000, 0x00000000e0000000)
  object space 107008K, 16% used [0x00000000a0000000,0x00000000a1152ae8,0x00000000a6880000)
 Metaspace       used 49479K, capacity 51056K, committed 51248K, reserved 1093632K
  class space    used 6765K, capacity 7101K, committed 7216K, reserved 1048576K
Event: 11.004 GC heap after
Heap after GC invocations=11 (full 2):
 PSYoungGen      total 123904K, used 12259K [0x00000000e0000000, 0x00000000ea280000, 0x0000000100000000)
  eden space 111616K, 0% used [0x00000000e0000000,0x00000000e0000000,0x00000000e6d00000)
  from space 12288K, 99% used [0x00000000e6d00000,0x00000000e78f8cd0,0x00000000e7900000)
  to   space 16384K, 0% used [0x00000000e9280000,0x00000000e9280000,0x00000000ea280000)
 ParOldGen       total 107008K, used 24124K [0x00000000a0000000, 0x00000000a6880000, 0x00000000e0000000)
  object space 107008K, 22% used [0x00000000a0000000,0x00000000a178f0f8,0x00000000a6880000)
 Metaspace       used 49479K, capacity 51056K, committed 51248K, reserved 1093632K
  class space    used 6765K, capacity 7101K, committed 7216K, reserved 1048576K
}
Event: 14.372 GC heap before
{Heap before GC invocations=12 (full 2):
 PSYoungGen      total 123904K, used 123875K [0x00000000e0000000, 0x00000000ea280000, 0x0000000100000000)
  eden space 111616K, 100% used [0x00000000e0000000,0x00000000e6d00000,0x00000000e6d00000)
  from space 12288K, 99% used [0x00000000e6d00000,0x00000000e78f8cd0,0x00000000e7900000)
  to   space 16384K, 0% used [0x00000000e9280000,0x00000000e9280000,0x00000000ea280000)
 ParOldGen       total 107008K, used 24124K [0x00000000a0000000, 0x00000000a6880000, 0x00000000e0000000)
  object space 107008K, 22% used [0x00000000a0000000,0x00000000a178f0f8,0x00000000a6880000)
 Metaspace       used 55356K, capacity 57102K, committed 57392K, reserved 1099776K
  class space    used 7485K, capacity 7868K, committed 7984K, reserved 1048576K
Event: 14.467 GC heap after
Heap after GC invocations=12 (full 2):
 PSYoungGen      total 144384K, used 16379K [0x00000000e0000000, 0x00000000eb080000, 0x0000000100000000)
  eden space 128000K, 0% used [0x00000000e0000000,0x00000000e0000000,0x00000000e7d00000)
  from space 16384K, 99% used [0x00000000e9280000,0x00000000ea27ec40,0x00000000ea280000)
  to   space 22016K, 0% used [0x00000000e7d00000,0x00000000e7d00000,0x00000000e9280000)
 ParOldGen       total 107008K, used 33598K [0x00000000a0000000, 0x00000000a6880000, 0x00000000e0000000)
  object space 107008K, 31% used [0x00000000a0000000,0x00000000a20cfa28,0x00000000a6880000)
 Metaspace       used 55356K, capacity 57102K, committed 57392K, reserved 1099776K
  class space    used 7485K, capacity 7868K, committed 7984K, reserved 1048576K
}
Event: 16.538 GC heap before
{Heap before GC invocations=13 (full 2):
 PSYoungGen      total 144384K, used 63411K [0x00000000e0000000, 0x00000000eb080000, 0x0000000100000000)
  eden space 128000K, 36% used [0x00000000e0000000,0x00000000e2dee338,0x00000000e7d00000)
  from space 16384K, 99% used [0x00000000e9280000,0x00000000ea27ec40,0x00000000ea280000)
  to   space 22016K, 0% used [0x00000000e7d00000,0x00000000e7d00000,0x00000000e9280000)
 ParOldGen       total 107008K, used 33598K [0x00000000a0000000, 0x00000000a6880000, 0x00000000e0000000)
  object space 107008K, 31% used [0x00000000a0000000,0x00000000a20cfa28,0x00000000a6880000)
 Metaspace       used 57327K, capacity 59046K, committed 59160K, reserved 1099776K
  class space    used 7693K, capacity 8052K, committed 8112K, reserved 1048576K
Event: 16.689 GC heap after
Heap after GC invocations=13 (full 2):
 PSYoungGen      total 150016K, used 20291K [0x00000000e0000000, 0x00000000ecc80000, 0x0000000100000000)
  eden space 128000K, 0% used [0x00000000e0000000,0x00000000e0000000,0x00000000e7d00000)
  from space 22016K, 92% used [0x00000000e7d00000,0x00000000e90d0dd8,0x00000000e9280000)
  to   space 24064K, 0% used [0x00000000eb500000,0x00000000eb500000,0x00000000ecc80000)
 ParOldGen       total 107008K, used 33606K [0x00000000a0000000, 0x00000000a6880000, 0x00000000e0000000)
  object space 107008K, 31% used [0x00000000a0000000,0x00000000a20d1a28,0x00000000a6880000)
 Metaspace       used 57327K, capacity 59046K, committed 59160K, reserved 1099776K
  class space    used 7693K, capacity 8052K, committed 8112K, reserved 1048576K
}
Event: 16.689 GC heap before
{Heap before GC invocations=14 (full 3):
 PSYoungGen      total 150016K, used 20291K [0x00000000e0000000, 0x00000000ecc80000, 0x0000000100000000)
  eden space 128000K, 0% used [0x00000000e0000000,0x00000000e0000000,0x00000000e7d00000)
  from space 22016K, 92% used [0x00000000e7d00000,0x00000000e90d0dd8,0x00000000e9280000)
  to   space 24064K, 0% used [0x00000000eb500000,0x00000000eb500000,0x00000000ecc80000)
 ParOldGen       total 107008K, used 33606K [0x00000000a0000000, 0x00000000a6880000, 0x00000000e0000000)
  object space 107008K, 31% used [0x00000000a0000000,0x00000000a20d1a28,0x00000000a6880000)
 Metaspace       used 57327K, capacity 59046K, committed 59160K, reserved 1099776K
  class space    used 7693K, capacity 8052K, committed 8112K, reserved 1048576K

