# JRE version: OpenJDK Runtime Environment (8.0_112-b06) (build 1.8.0_112-release-b06)
# Java VM: OpenJDK 64-Bit Server VM (25.112-b06 mixed mode linux-amd64 compressed oops)
Heap:
 PSYoungGen      total 192000K, used 0K [0x00000000e0000000, 0x00000000f0100000, 0x0000000100000000)
  eden space 167936K, 0% used [0x00000000e0000000,0x00000000e0000000,0x00000000ea400000)
  from space 24064K, 0% used [0x00000000ea400000,0x00000000ea400000,0x00000000ebb80000)
  to   space 25088K, 0% used [0x00000000ee880000,0x00000000ee880000,0x00000000f0100000)
 ParOldGen       total 96256K, used 42926K [0x00000000a0000000, 0x00000000a5e00000, 0x00000000e0000000)
  object space 96256K, 44% used [0x00000000a0000000,0x00000000a29eb940,0x00000000a5e00000)
 Metaspace       used 56781K, capacity 59050K, committed 59136K, reserved 1099776K
  class space    used 7665K, capacity 8144K, committed 8192K, reserved 1048576K
GC Heap History (10 events):
Event: 9.435 GC heap after
Heap after GC invocations=9 (full 2):
 PSYoungGen      total 109568K, used 0K [0x00000000e0000000, 0x00000000ead00000, 0x0000000100000000)
  eden space 99328K, 0% used [0x00000000e0000000,0x00000000e0000000,0x00000000e6100000)
  from space 10240K, 0% used [0x00000000e6100000,0x00000000e6100000,0x00000000e6b00000)
  to   space 11776K, 0% used [0x00000000ea180000,0x00000000ea180000,0x00000000ead00000)
 ParOldGen       total 96256K, used 17596K [0x00000000a0000000, 0x00000000a5e00000, 0x00000000e0000000)
  object space 96256K, 18% used [0x00000000a0000000,0x00000000a112f3a8,0x00000000a5e00000)
 Metaspace       used 34647K, capacity 35338K, committed 35496K, reserved 1079296K
  class space    used 4634K, capacity 4836K, committed 4864K, reserved 1048576K
}
Event: 10.600 GC heap before
{Heap before GC invocations=10 (full 2):
 PSYoungGen      total 109568K, used 99328K [0x00000000e0000000, 0x00000000ead00000, 0x0000000100000000)
  eden space 99328K, 100% used [0x00000000e0000000,0x00000000e6100000,0x00000000e6100000)
  from space 10240K, 0% used [0x00000000e6100000,0x00000000e6100000,0x00000000e6b00000)
  to   space 11776K, 0% used [0x00000000ea180000,0x00000000ea180000,0x00000000ead00000)
 ParOldGen       total 96256K, used 17596K [0x00000000a0000000, 0x00000000a5e00000, 0x00000000e0000000)
  object space 96256K, 18% used [0x00000000a0000000,0x00000000a112f3a8,0x00000000a5e00000)
 Metaspace       used 40190K, capacity 41004K, committed 41216K, reserved 1085440K
  class space    used 5330K, capacity 5560K, committed 5632K, reserved 1048576K
Event: 10.610 GC heap after
Heap after GC invocations=10 (full 2):
 PSYoungGen      total 150528K, used 10631K [0x00000000e0000000, 0x00000000eac00000, 0x0000000100000000)
  eden space 139776K, 0% used [0x00000000e0000000,0x00000000e0000000,0x00000000e8880000)
  from space 10752K, 98% used [0x00000000ea180000,0x00000000eabe1d28,0x00000000eac00000)
  to   space 12800K, 0% used [0x00000000e9300000,0x00000000e9300000,0x00000000e9f80000)
 ParOldGen       total 96256K, used 17604K [0x00000000a0000000, 0x00000000a5e00000, 0x00000000e0000000)
  object space 96256K, 18% used [0x00000000a0000000,0x00000000a11313a8,0x00000000a5e00000)
 Metaspace       used 40190K, capacity 41004K, committed 41216K, reserved 1085440K
  class space    used 5330K, capacity 5560K, committed 5632K, reserved 1048576K
}
Event: 13.605 GC heap before
{Heap before GC invocations=11 (full 2):
 PSYoungGen      total 150528K, used 150407K [0x00000000e0000000, 0x00000000eac00000, 0x0000000100000000)
  eden space 139776K, 100% used [0x00000000e0000000,0x00000000e8880000,0x00000000e8880000)
  from space 10752K, 98% used [0x00000000ea180000,0x00000000eabe1d28,0x00000000eac00000)
  to   space 12800K, 0% used [0x00000000e9300000,0x00000000e9300000,0x00000000e9f80000)
 ParOldGen       total 96256K, used 17604K [0x00000000a0000000, 0x00000000a5e00000, 0x00000000e0000000)
  object space 96256K, 18% used [0x00000000a0000000,0x00000000a11313a8,0x00000000a5e00000)
 Metaspace       used 50712K, capacity 52366K, committed 52608K, reserved 1095680K
  class space    used 6868K, capacity 7242K, committed 7296K, reserved 1048576K
Event: 13.646 GC heap after
Heap after GC invocations=11 (full 2):
 PSYoungGen      total 163328K, used 12800K [0x00000000e0000000, 0x00000000ecc80000, 0x0000000100000000)
  eden space 150528K, 0% used [0x00000000e0000000,0x00000000e0000000,0x00000000e9300000)
  from space 12800K, 100% used [0x00000000e9300000,0x00000000e9f80000,0x00000000e9f80000)
  to   space 17408K, 0% used [0x00000000ebb80000,0x00000000ebb80000,0x00000000ecc80000)
 ParOldGen       total 96256K, used 25754K [0x00000000a0000000, 0x00000000a5e00000, 0x00000000e0000000)
  object space 96256K, 26% used [0x00000000a0000000,0x00000000a19268f8,0x00000000a5e00000)
 Metaspace       used 50712K, capacity 52366K, committed 52608K, reserved 1095680K
  class space    used 6868K, capacity 7242K, committed 7296K, reserved 1048576K
}
Event: 18.651 GC heap before
{Heap before GC invocations=12 (full 2):
 PSYoungGen      total 163328K, used 163328K [0x00000000e0000000, 0x00000000ecc80000, 0x0000000100000000)
  eden space 150528K, 100% used [0x00000000e0000000,0x00000000e9300000,0x00000000e9300000)
  from space 12800K, 100% used [0x00000000e9300000,0x00000000e9f80000,0x00000000e9f80000)
  to   space 17408K, 0% used [0x00000000ebb80000,0x00000000ebb80000,0x00000000ecc80000)
 ParOldGen       total 96256K, used 25754K [0x00000000a0000000, 0x00000000a5e00000, 0x00000000e0000000)
  object space 96256K, 26% used [0x00000000a0000000,0x00000000a19268f8,0x00000000a5e00000)
 Metaspace       used 55658K, capacity 57996K, committed 58240K, reserved 1099776K
  class space    used 7552K, capacity 8051K, committed 8064K, reserved 1048576K
Event: 18.828 GC heap after
Heap after GC invocations=12 (full 2):
 PSYoungGen      total 185344K, used 17395K [0x00000000e0000000, 0x00000000eec80000, 0x0000000100000000)
  eden space 167936K, 0% used [0x00000000e0000000,0x00000000e0000000,0x00000000ea400000)
  from space 17408K, 99% used [0x00000000ebb80000,0x00000000ecc7cea8,0x00000000ecc80000)
  to   space 24064K, 0% used [0x00000000ea400000,0x00000000ea400000,0x00000000ebb80000)
 ParOldGen       total 96256K, used 37672K [0x00000000a0000000, 0x00000000a5e00000, 0x00000000e0000000)
  object space 96256K, 39% used [0x00000000a0000000,0x00000000a24ca378,0x00000000a5e00000)
 Metaspace       used 55658K, capacity 57996K, committed 58240K, reserved 1099776K
  class space    used 7552K, capacity 8051K, committed 8064K, reserved 1048576K
}
Event: 83.934 GC heap before
{Heap before GC invocations=13 (full 2):
 PSYoungGen      total 185344K, used 69283K [0x00000000e0000000, 0x00000000eec80000, 0x0000000100000000)
  eden space 167936K, 30% used [0x00000000e0000000,0x00000000e32ac0f0,0x00000000ea400000)
  from space 17408K, 99% used [0x00000000ebb80000,0x00000000ecc7cea8,0x00000000ecc80000)
  to   space 24064K, 0% used [0x00000000ea400000,0x00000000ea400000,0x00000000ebb80000)
 ParOldGen       total 96256K, used 37672K [0x00000000a0000000, 0x00000000a5e00000, 0x00000000e0000000)
  object space 96256K, 39% used [0x00000000a0000000,0x00000000a24ca378,0x00000000a5e00000)
 Metaspace       used 56781K, capacity 59050K, committed 59136K, reserved 1099776K
  class space    used 7665K, capacity 8144K, committed 8192K, reserved 1048576K
Event: 84.704 GC heap after
Heap after GC invocations=13 (full 2):
 PSYoungGen      total 192000K, used 17344K [0x00000000e0000000, 0x00000000f0100000, 0x0000000100000000)
  eden space 167936K, 0% used [0x00000000e0000000,0x00000000e0000000,0x00000000ea400000)
  from space 24064K, 72% used [0x00000000ea400000,0x00000000eb4f0218,0x00000000ebb80000)
  to   space 25088K, 0% used [0x00000000ee880000,0x00000000ee880000,0x00000000f0100000)
 ParOldGen       total 96256K, used 41616K [0x00000000a0000000, 0x00000000a5e00000, 0x00000000e0000000)
  object space 96256K, 43% used [0x00000000a0000000,0x00000000a28a4018,0x00000000a5e00000)
 Metaspace       used 56781K, capacity 59050K, committed 59136K, reserved 1099776K
  class space    used 7665K, capacity 8144K, committed 8192K, reserved 1048576K
}
Event: 84.808 GC heap before
{Heap before GC invocations=14 (full 3):
 PSYoungGen      total 192000K, used 17344K [0x00000000e0000000, 0x00000000f0100000, 0x0000000100000000)
  eden space 167936K, 0% used [0x00000000e0000000,0x00000000e0000000,0x00000000ea400000)
  from space 24064K, 72% used [0x00000000ea400000,0x00000000eb4f0218,0x00000000ebb80000)
  to   space 25088K, 0% used [0x00000000ee880000,0x00000000ee880000,0x00000000f0100000)
 ParOldGen       total 96256K, used 41616K [0x00000000a0000000, 0x00000000a5e00000, 0x00000000e0000000)
  object space 96256K, 43% used [0x00000000a0000000,0x00000000a28a4018,0x00000000a5e00000)
 Metaspace       used 56781K, capacity 59050K, committed 59136K, reserved 1099776K
  class space    used 7665K, capacity 8144K, committed 8192K, reserved 1048576K

